

*******************************************************************************
Mon Apr  8 09:54:23 2019


FIT:    data read from "QuickSort_best.dat"
        format = z
        #datapoints = 49
        residuals are weighted equally (unit weight)

function used for fitting: f(x)
	f(x) = a +b*x*log(c*x)
fitted parameters initialized with current variable values

iter      chisq       delta/lim  lambda   a             b             c            
   0 4.4412827032e+12   0.00e+00  1.75e+05    1.000000e+00   1.000000e+00   1.000000e+00
 380 7.3175886487e-06  -2.82e-01  1.75e-04    1.733804e-03   4.385397e-07  -1.883246e-04

After 380 iterations the fit converged.
final sum of squares of residuals : 7.31759e-06
rel. change during last iteration : -2.82293e-06

degrees of freedom    (FIT_NDF)                        : 46
rms of residuals      (FIT_STDFIT) = sqrt(WSSR/ndf)    : 0.000398846
variance of residuals (reduced chisquare) = WSSR/ndf   : 1.59078e-07

Final set of parameters            Asymptotic Standard Error
=======================            ==========================
a               = 0.0017338        +/- 0.0002455    (14.16%)
b               = 4.3854e-07       +/- 1.263e-08    (2.879%)
c               = -0.000188325     +/- 1.323e-05    (7.028%)

correlation matrix of the fit parameters:
                a      b      c      
a               1.000 
b               0.882  1.000 
c               0.928  0.991  1.000 


*******************************************************************************
Mon Apr  8 10:23:15 2019


FIT:    data read from "QuickSort_worst.dat"
        format = z
        #datapoints = 49
        residuals are weighted equally (unit weight)

function used for fitting: f(x)
	f(x) = a + b*x*x
fitted parameters initialized with current variable values

iter      chisq       delta/lim  lambda   a             b            
   0 5.9416664915e+19   0.00e+00  7.79e+08    1.000000e+00   1.000000e+00
   4 2.1414649334e+01  -3.07e-01  7.79e+04    1.000000e+00   7.153050e-10

After 4 iterations the fit converged.
final sum of squares of residuals : 21.4146
rel. change during last iteration : -3.06862e-06

degrees of freedom    (FIT_NDF)                        : 47
rms of residuals      (FIT_STDFIT) = sqrt(WSSR/ndf)    : 0.675004
variance of residuals (reduced chisquare) = WSSR/ndf   : 0.455631

Final set of parameters            Asymptotic Standard Error
=======================            ==========================
a               = 1                +/- 0.1456       (14.56%)
b               = 7.15305e-10      +/- 1.322e-10    (18.48%)

correlation matrix of the fit parameters:
                a      b      
a               1.000 
b              -0.749  1.000 


*******************************************************************************
Mon Apr  8 10:23:20 2019


FIT:    data read from "QuickSort_worst.dat"
        format = z
        #datapoints = 49
        residuals are weighted equally (unit weight)

function used for fitting: f(x)
	f(x) = a + b*x*x
fitted parameters initialized with current variable values

iter      chisq       delta/lim  lambda   a             b            
   0 5.9416664915e+19   0.00e+00  7.79e+08    1.000000e+00   1.000000e+00
   4 2.1414649334e+01  -3.07e-01  7.79e+04    1.000000e+00   7.153050e-10

After 4 iterations the fit converged.
final sum of squares of residuals : 21.4146
rel. change during last iteration : -3.06862e-06

degrees of freedom    (FIT_NDF)                        : 47
rms of residuals      (FIT_STDFIT) = sqrt(WSSR/ndf)    : 0.675004
variance of residuals (reduced chisquare) = WSSR/ndf   : 0.455631

Final set of parameters            Asymptotic Standard Error
=======================            ==========================
a               = 1                +/- 0.1456       (14.56%)
b               = 7.15305e-10      +/- 1.322e-10    (18.48%)

correlation matrix of the fit parameters:
                a      b      
a               1.000 
b              -0.749  1.000 


*******************************************************************************
Mon Apr  8 10:24:10 2019


FIT:    data read from "QuickSort_worst.dat"
        format = z
        #datapoints = 49
        residuals are weighted equally (unit weight)

function used for fitting: f(x)
	f(x) = a + b*x**2
fitted parameters initialized with current variable values

iter      chisq       delta/lim  lambda   a             b            
   0 2.1414649334e+01   0.00e+00  9.00e-01    1.000000e+00   7.153050e-10
   4 1.4134941541e-03  -7.36e-10  9.00e-05    1.932951e-03   1.394355e-09

After 4 iterations the fit converged.
final sum of squares of residuals : 0.00141349
rel. change during last iteration : -7.36355e-15

degrees of freedom    (FIT_NDF)                        : 47
rms of residuals      (FIT_STDFIT) = sqrt(WSSR/ndf)    : 0.00548401
variance of residuals (reduced chisquare) = WSSR/ndf   : 3.00743e-05

Final set of parameters            Asymptotic Standard Error
=======================            ==========================
a               = 0.00193295       +/- 0.001183     (61.19%)
b               = 1.39435e-09      +/- 1.074e-12    (0.07703%)

correlation matrix of the fit parameters:
                a      b      
a               1.000 
b              -0.749  1.000 


*******************************************************************************
Mon Apr  8 11:21:31 2019


FIT:    data read from "InsertionSort_worst.dat"
        format = z
        #datapoints = 49
        residuals are weighted equally (unit weight)

function used for fitting: f(x)
	f(x) = a + b*x**2
fitted parameters initialized with current variable values

iter      chisq       delta/lim  lambda   a             b            
   0 5.9416664590e+19   0.00e+00  7.79e+08    1.000000e+00   1.000000e+00
   4 2.1573122719e+01  -3.05e-01  7.79e+04    1.000000e+00   3.452477e-09

After 4 iterations the fit converged.
final sum of squares of residuals : 21.5731
rel. change during last iteration : -3.04608e-06

degrees of freedom    (FIT_NDF)                        : 47
rms of residuals      (FIT_STDFIT) = sqrt(WSSR/ndf)    : 0.677497
variance of residuals (reduced chisquare) = WSSR/ndf   : 0.459003

Final set of parameters            Asymptotic Standard Error
=======================            ==========================
a               = 1                +/- 0.1461       (14.61%)
b               = 3.45248e-09      +/- 1.327e-10    (3.844%)

correlation matrix of the fit parameters:
                a      b      
a               1.000 
b              -0.749  1.000 


*******************************************************************************
Mon Apr  8 11:21:39 2019


FIT:    data read from "InsertionSort_worst.dat"
        format = z
        #datapoints = 49
        residuals are weighted equally (unit weight)

function used for fitting: f(x)
	f(x) = a + b*x**2
fitted parameters initialized with current variable values

iter      chisq       delta/lim  lambda   a             b            
   0 2.1573122719e+01   0.00e+00  2.78e+00    1.000000e+00   3.452477e-09
   4 4.0914774366e-03  -7.56e-07  2.78e-04   -1.691266e-03   4.133992e-09

After 4 iterations the fit converged.
final sum of squares of residuals : 0.00409148
rel. change during last iteration : -7.56473e-12

degrees of freedom    (FIT_NDF)                        : 47
rms of residuals      (FIT_STDFIT) = sqrt(WSSR/ndf)    : 0.0093302
variance of residuals (reduced chisquare) = WSSR/ndf   : 8.70527e-05

Final set of parameters            Asymptotic Standard Error
=======================            ==========================
a               = -0.00169127      +/- 0.002012     (119%)
b               = 4.13399e-09      +/- 1.827e-12    (0.04421%)

correlation matrix of the fit parameters:
                a      b      
a               1.000 
b              -0.749  1.000 


*******************************************************************************
Mon Apr  8 11:21:42 2019


FIT:    data read from "InsertionSort_worst.dat"
        format = z
        #datapoints = 49
        residuals are weighted equally (unit weight)

function used for fitting: f(x)
	f(x) = a + b*x**2
fitted parameters initialized with current variable values

iter      chisq       delta/lim  lambda   a             b            
   0 4.0914774366e-03   0.00e+00  3.22e+00   -1.691266e-03   4.133992e-09
   1 4.0914774366e-03  -2.12e-11  3.22e-01   -1.691266e-03   4.133992e-09

After 1 iterations the fit converged.
final sum of squares of residuals : 0.00409148
rel. change during last iteration : -2.11992e-16

degrees of freedom    (FIT_NDF)                        : 47
rms of residuals      (FIT_STDFIT) = sqrt(WSSR/ndf)    : 0.0093302
variance of residuals (reduced chisquare) = WSSR/ndf   : 8.70527e-05

Final set of parameters            Asymptotic Standard Error
=======================            ==========================
a               = -0.00169127      +/- 0.002012     (119%)
b               = 4.13399e-09      +/- 1.827e-12    (0.04421%)

correlation matrix of the fit parameters:
                a      b      
a               1.000 
b              -0.749  1.000 


*******************************************************************************
Mon Apr  8 11:22:28 2019


FIT:    data read from "InsertionSort_worst.dat"
        format = z
        #datapoints = 49
        residuals are weighted equally (unit weight)

function used for fitting: f(x)
	f(x) = a + b*x**2
fitted parameters initialized with current variable values

iter      chisq       delta/lim  lambda   a             b            
   0 4.0914774366e-03   0.00e+00  3.22e+00   -1.691266e-03   4.133992e-09
   1 4.0914774366e-03   0.00e+00  3.22e-01   -1.691266e-03   4.133992e-09

After 1 iterations the fit converged.
final sum of squares of residuals : 0.00409148
rel. change during last iteration : 0

degrees of freedom    (FIT_NDF)                        : 47
rms of residuals      (FIT_STDFIT) = sqrt(WSSR/ndf)    : 0.0093302
variance of residuals (reduced chisquare) = WSSR/ndf   : 8.70527e-05

Final set of parameters            Asymptotic Standard Error
=======================            ==========================
a               = -0.00169127      +/- 0.002012     (119%)
b               = 4.13399e-09      +/- 1.827e-12    (0.04421%)

correlation matrix of the fit parameters:
                a      b      
a               1.000 
b              -0.749  1.000 


*******************************************************************************
Mon Apr  8 11:22:38 2019


FIT:    data read from "InsertionSort_worst.dat"
        format = z
        #datapoints = 49
        residuals are weighted equally (unit weight)

function used for fitting: f(x)
	f(x) = a + b*x**2
fitted parameters initialized with current variable values

iter      chisq       delta/lim  lambda   a             b            
   0 4.0914774366e-03   0.00e+00  3.22e+00   -1.691266e-03   4.133992e-09
   1 4.0914774366e-03  -2.12e-11  3.22e-01   -1.691266e-03   4.133992e-09

After 1 iterations the fit converged.
final sum of squares of residuals : 0.00409148
rel. change during last iteration : -2.11992e-16

degrees of freedom    (FIT_NDF)                        : 47
rms of residuals      (FIT_STDFIT) = sqrt(WSSR/ndf)    : 0.0093302
variance of residuals (reduced chisquare) = WSSR/ndf   : 8.70527e-05

Final set of parameters            Asymptotic Standard Error
=======================            ==========================
a               = -0.00169127      +/- 0.002012     (119%)
b               = 4.13399e-09      +/- 1.827e-12    (0.04421%)

correlation matrix of the fit parameters:
                a      b      
a               1.000 
b              -0.749  1.000 


*******************************************************************************
Mon Apr  8 11:23:29 2019


FIT:    data read from "QuickSort_worst.dat"
        format = z
        #datapoints = 49
        residuals are weighted equally (unit weight)

function used for fitting: f(x)
	f(x) = a + b*x**2
fitted parameters initialized with current variable values

iter      chisq       delta/lim  lambda   a             b            
   0 4.4515787084e+02   0.00e+00  3.22e+00   -1.691266e-03   4.133992e-09
   6 1.4134941541e-03  -1.05e-03  3.22e-06    1.932951e-03   1.394355e-09

After 6 iterations the fit converged.
final sum of squares of residuals : 0.00141349
rel. change during last iteration : -1.04662e-08

degrees of freedom    (FIT_NDF)                        : 47
rms of residuals      (FIT_STDFIT) = sqrt(WSSR/ndf)    : 0.00548401
variance of residuals (reduced chisquare) = WSSR/ndf   : 3.00743e-05

Final set of parameters            Asymptotic Standard Error
=======================            ==========================
a               = 0.00193295       +/- 0.001183     (61.19%)
b               = 1.39435e-09      +/- 1.074e-12    (0.07703%)

correlation matrix of the fit parameters:
                a      b      
a               1.000 
b              -0.749  1.000 


*******************************************************************************
Mon Apr  8 11:29:34 2019


FIT:    data read from "InsertionSort_best.dat"
        format = z
        #datapoints = 49
        residuals are weighted equally (unit weight)

function used for fitting: f(x)
	f(x) = a + b*x
fitted parameters initialized with current variable values

iter      chisq       delta/lim  lambda   a             b            
   0 1.7571874115e-04   0.00e+00  1.37e-03    1.932951e-03   1.394355e-09
   5 3.6313459184e-10  -1.52e-06  1.37e-08   -1.403061e-07   2.975408e-09

After 5 iterations the fit converged.
final sum of squares of residuals : 3.63135e-10
rel. change during last iteration : -1.52001e-11

degrees of freedom    (FIT_NDF)                        : 47
rms of residuals      (FIT_STDFIT) = sqrt(WSSR/ndf)    : 2.77962e-06
variance of residuals (reduced chisquare) = WSSR/ndf   : 7.72627e-12

Final set of parameters            Asymptotic Standard Error
=======================            ==========================
a               = -1.40306e-07     +/- 8.065e-07    (574.8%)
b               = 2.97541e-09      +/- 2.808e-11    (0.9437%)

correlation matrix of the fit parameters:
                a      b      
a               1.000 
b              -0.870  1.000 


*******************************************************************************
Mon Apr  8 11:29:54 2019


FIT:    data read from "InsertionSort_best.dat"
        format = z
        #datapoints = 49
        residuals are weighted equally (unit weight)

function used for fitting: f(x)
	f(x) = a + b*x
fitted parameters initialized with current variable values

iter      chisq       delta/lim  lambda   a             b            
   0 3.6313459184e-10   0.00e+00  6.04e-05   -1.403061e-07   2.975408e-09
   1 3.6313459184e-10   0.00e+00  6.04e-06   -1.403061e-07   2.975408e-09

After 1 iterations the fit converged.
final sum of squares of residuals : 3.63135e-10
rel. change during last iteration : 0

degrees of freedom    (FIT_NDF)                        : 47
rms of residuals      (FIT_STDFIT) = sqrt(WSSR/ndf)    : 2.77962e-06
variance of residuals (reduced chisquare) = WSSR/ndf   : 7.72627e-12

Final set of parameters            Asymptotic Standard Error
=======================            ==========================
a               = -1.40306e-07     +/- 8.065e-07    (574.8%)
b               = 2.97541e-09      +/- 2.808e-11    (0.9437%)

correlation matrix of the fit parameters:
                a      b      
a               1.000 
b              -0.870  1.000 


*******************************************************************************
Tue Jun 11 16:59:30 2019


FIT:    data read from "Select.dat"
        format = z
        #datapoints = 199
        residuals are weighted equally (unit weight)

function used for fitting: f(x)
	f(x) = a + b*x
fitted parameters initialized with current variable values

iter      chisq       delta/lim  lambda   a             b            
   0 2.6461977439e+12   0.00e+00  8.15e+04    1.000000e+00   1.000000e+00
   8 2.3743687447e+03  -1.19e-07  8.15e-04   -6.407026e+00   1.505808e-04

After 8 iterations the fit converged.
final sum of squares of residuals : 2374.37
rel. change during last iteration : -1.18553e-12

degrees of freedom    (FIT_NDF)                        : 197
rms of residuals      (FIT_STDFIT) = sqrt(WSSR/ndf)    : 3.47169
variance of residuals (reduced chisquare) = WSSR/ndf   : 12.0526

Final set of parameters            Asymptotic Standard Error
=======================            ==========================
a               = -6.40703         +/- 0.4941       (7.711%)
b               = 0.000150581      +/- 4.284e-06    (2.845%)

correlation matrix of the fit parameters:
                a      b      
a               1.000 
b              -0.867  1.000 


*******************************************************************************
Tue Jun 11 17:24:12 2019


FIT:    data read from "Select.dat"
        format = z
        #datapoints = 50
        residuals are weighted equally (unit weight)

function used for fitting: f(x)
	f(x) = a + b*x
fitted parameters initialized with current variable values

iter      chisq       delta/lim  lambda   a             b            
   0 4.2927545600e+10   0.00e+00  2.07e+04    1.000000e+00   1.000000e+00
   8 2.6238067999e-06  -4.65e-04  2.07e-04   -2.720824e-04   5.992010e-08

After 8 iterations the fit converged.
final sum of squares of residuals : 2.62381e-06
rel. change during last iteration : -4.65304e-09

degrees of freedom    (FIT_NDF)                        : 48
rms of residuals      (FIT_STDFIT) = sqrt(WSSR/ndf)    : 0.0002338
variance of residuals (reduced chisquare) = WSSR/ndf   : 5.46626e-08

Final set of parameters            Asymptotic Standard Error
=======================            ==========================
a               = -0.000272082     +/- 6.713e-05    (24.67%)
b               = 5.99201e-08      +/- 2.291e-09    (3.824%)

correlation matrix of the fit parameters:
                a      b      
a               1.000 
b              -0.870  1.000 


*******************************************************************************
Tue Jun 11 17:25:28 2019


FIT:    data read from "Select.dat"
        format = z
        #datapoints = 50
        residuals are weighted equally (unit weight)

function used for fitting: f(x)
	f(x) = a + b*x
fitted parameters initialized with current variable values

iter      chisq       delta/lim  lambda   a             b            
   0 4.2927545600e+10   0.00e+00  2.07e+04    1.000000e+00   1.000000e+00
   8 2.6238067999e-06  -4.65e-04  2.07e-04   -2.720824e-04   5.992010e-08

After 8 iterations the fit converged.
final sum of squares of residuals : 2.62381e-06
rel. change during last iteration : -4.65304e-09

degrees of freedom    (FIT_NDF)                        : 48
rms of residuals      (FIT_STDFIT) = sqrt(WSSR/ndf)    : 0.0002338
variance of residuals (reduced chisquare) = WSSR/ndf   : 5.46626e-08

Final set of parameters            Asymptotic Standard Error
=======================            ==========================
a               = -0.000272082     +/- 6.713e-05    (24.67%)
b               = 5.99201e-08      +/- 2.291e-09    (3.824%)

correlation matrix of the fit parameters:
                a      b      
a               1.000 
b              -0.870  1.000 
